2023-05-22 09:24:02.885  INFO 31756 --- [main] c.save.brbserver.ShopsApplicationTests   : Starting ShopsApplicationTests using Java 11.0.12 on LAPTOP-MC8PUNQS with PID 31756 (started by HP in E:\BRB\brbserver)
2023-05-22 09:24:02.894  INFO 31756 --- [main] c.save.brbserver.ShopsApplicationTests   : No active profile set, falling back to 1 default profile: "default"
2023-05-22 09:24:03.642  INFO 31756 --- [main] .s.d.r.c.RepositoryConfigurationDelegate : Multiple Spring Data modules found, entering strict repository configuration mode
2023-05-22 09:24:03.645  INFO 31756 --- [main] .s.d.r.c.RepositoryConfigurationDelegate : Bootstrapping Spring Data Redis repositories in DEFAULT mode.
2023-05-22 09:24:03.673  INFO 31756 --- [main] .s.d.r.c.RepositoryConfigurationDelegate : Finished Spring Data repository scanning in 11 ms. Found 0 Redis repository interfaces.
2023-05-22 09:24:03.964  INFO 31756 --- [main] trationDelegate$BeanPostProcessorChecker : Bean 'org.springframework.ws.config.annotation.DelegatingWsConfiguration' of type [org.springframework.ws.config.annotation.DelegatingWsConfiguration$$EnhancerBySpringCGLIB$$67e4eb56] is not eligible for getting processed by all BeanPostProcessors (for example: not eligible for auto-proxying)
2023-05-22 09:24:04.040  INFO 31756 --- [main] .w.s.a.s.AnnotationActionEndpointMapping : Supporting [WS-Addressing August 2004, WS-Addressing 1.0]
2023-05-22 09:24:05.071  INFO 31756 --- [main] o.s.b.w.embedded.tomcat.TomcatWebServer  : Tomcat initialized with port(s): 0 (http)
2023-05-22 09:24:05.082  INFO 31756 --- [main] o.apache.catalina.core.StandardService   : Starting service [Tomcat]
2023-05-22 09:24:05.082  INFO 31756 --- [main] org.apache.catalina.core.StandardEngine  : Starting Servlet engine: [Apache Tomcat/9.0.75]
2023-05-22 09:24:05.232  INFO 31756 --- [main] o.a.c.c.C.[Tomcat].[localhost].[/]       : Initializing Spring embedded WebApplicationContext
2023-05-22 09:24:05.232  INFO 31756 --- [main] w.s.c.ServletWebServerApplicationContext : Root WebApplicationContext: initialization completed in 2303 ms
2023-05-22 09:24:07.288  INFO 31756 --- [main] o.s.b.w.embedded.tomcat.TomcatWebServer  : Tomcat started on port(s): 64233 (http) with context path ''
2023-05-22 09:24:07.301  INFO 31756 --- [main] c.save.brbserver.ShopsApplicationTests   : Started ShopsApplicationTests in 4.842 seconds (JVM running for 6.06)
2023-05-22 09:26:51.255  INFO 13052 --- [main] c.save.brbserver.ShopsApplicationTests   : Starting ShopsApplicationTests using Java 11.0.12 on LAPTOP-MC8PUNQS with PID 13052 (started by HP in E:\BRB\brbserver)
2023-05-22 09:26:51.258  INFO 13052 --- [main] c.save.brbserver.ShopsApplicationTests   : No active profile set, falling back to 1 default profile: "default"
2023-05-22 09:26:51.868  INFO 13052 --- [main] .s.d.r.c.RepositoryConfigurationDelegate : Multiple Spring Data modules found, entering strict repository configuration mode
2023-05-22 09:26:51.870  INFO 13052 --- [main] .s.d.r.c.RepositoryConfigurationDelegate : Bootstrapping Spring Data Redis repositories in DEFAULT mode.
2023-05-22 09:26:51.888  INFO 13052 --- [main] .s.d.r.c.RepositoryConfigurationDelegate : Finished Spring Data repository scanning in 8 ms. Found 0 Redis repository interfaces.
2023-05-22 09:26:52.137  INFO 13052 --- [main] trationDelegate$BeanPostProcessorChecker : Bean 'org.springframework.ws.config.annotation.DelegatingWsConfiguration' of type [org.springframework.ws.config.annotation.DelegatingWsConfiguration$$EnhancerBySpringCGLIB$$8fdd6703] is not eligible for getting processed by all BeanPostProcessors (for example: not eligible for auto-proxying)
2023-05-22 09:26:52.192  INFO 13052 --- [main] .w.s.a.s.AnnotationActionEndpointMapping : Supporting [WS-Addressing August 2004, WS-Addressing 1.0]
2023-05-22 09:26:53.026  INFO 13052 --- [main] o.s.b.w.embedded.tomcat.TomcatWebServer  : Tomcat initialized with port(s): 0 (http)
2023-05-22 09:26:53.037  INFO 13052 --- [main] o.apache.catalina.core.StandardService   : Starting service [Tomcat]
2023-05-22 09:26:53.037  INFO 13052 --- [main] org.apache.catalina.core.StandardEngine  : Starting Servlet engine: [Apache Tomcat/9.0.75]
2023-05-22 09:26:53.150  INFO 13052 --- [main] o.a.c.c.C.[Tomcat].[localhost].[/]       : Initializing Spring embedded WebApplicationContext
2023-05-22 09:26:53.150  INFO 13052 --- [main] w.s.c.ServletWebServerApplicationContext : Root WebApplicationContext: initialization completed in 1869 ms
2023-05-22 09:26:54.494  INFO 13052 --- [main] o.s.b.w.embedded.tomcat.TomcatWebServer  : Tomcat started on port(s): 64530 (http) with context path ''
2023-05-22 09:26:54.504  INFO 13052 --- [main] c.save.brbserver.ShopsApplicationTests   : Started ShopsApplicationTests in 3.823 seconds (JVM running for 4.814)
2023-05-22 13:33:40.194  INFO 2472 --- [main] com.save.brbserver.MailTests             : Starting MailTests using Java 11.0.12 on LAPTOP-MC8PUNQS with PID 2472 (started by HP in E:\BRB\brbserver)
2023-05-22 13:33:40.197  INFO 2472 --- [main] com.save.brbserver.MailTests             : No active profile set, falling back to 1 default profile: "default"
2023-05-22 13:33:40.781  INFO 2472 --- [main] .s.d.r.c.RepositoryConfigurationDelegate : Multiple Spring Data modules found, entering strict repository configuration mode
2023-05-22 13:33:40.783  INFO 2472 --- [main] .s.d.r.c.RepositoryConfigurationDelegate : Bootstrapping Spring Data Redis repositories in DEFAULT mode.
2023-05-22 13:33:40.802  INFO 2472 --- [main] .s.d.r.c.RepositoryConfigurationDelegate : Finished Spring Data repository scanning in 9 ms. Found 0 Redis repository interfaces.
2023-05-22 13:33:41.048  INFO 2472 --- [main] trationDelegate$BeanPostProcessorChecker : Bean 'org.springframework.ws.config.annotation.DelegatingWsConfiguration' of type [org.springframework.ws.config.annotation.DelegatingWsConfiguration$$EnhancerBySpringCGLIB$$e730326d] is not eligible for getting processed by all BeanPostProcessors (for example: not eligible for auto-proxying)
2023-05-22 13:33:41.120  INFO 2472 --- [main] .w.s.a.s.AnnotationActionEndpointMapping : Supporting [WS-Addressing August 2004, WS-Addressing 1.0]
2023-05-22 13:33:41.817  INFO 2472 --- [main] o.s.b.w.embedded.tomcat.TomcatWebServer  : Tomcat initialized with port(s): 0 (http)
2023-05-22 13:33:41.830  INFO 2472 --- [main] o.apache.catalina.core.StandardService   : Starting service [Tomcat]
2023-05-22 13:33:41.830  INFO 2472 --- [main] org.apache.catalina.core.StandardEngine  : Starting Servlet engine: [Apache Tomcat/9.0.75]
2023-05-22 13:33:41.956  INFO 2472 --- [main] o.a.c.c.C.[Tomcat].[localhost].[/]       : Initializing Spring embedded WebApplicationContext
2023-05-22 13:33:41.956  INFO 2472 --- [main] w.s.c.ServletWebServerApplicationContext : Root WebApplicationContext: initialization completed in 1728 ms
2023-05-22 13:33:43.320  INFO 2472 --- [main] o.s.b.w.embedded.tomcat.TomcatWebServer  : Tomcat started on port(s): 59223 (http) with context path ''
2023-05-22 13:33:43.330  INFO 2472 --- [main] com.save.brbserver.MailTests             : Started MailTests in 3.604 seconds (JVM running for 4.559)
2023-05-22 13:34:19.123  INFO 69340 --- [main] com.save.brbserver.BRBServerApplication  : Starting BRBServerApplication using Java 11.0.12 on LAPTOP-MC8PUNQS with PID 69340 (E:\BRB\brbserver\target\classes started by HP in E:\BRB\brbserver)
2023-05-22 13:34:19.126  INFO 69340 --- [main] com.save.brbserver.BRBServerApplication  : No active profile set, falling back to 1 default profile: "default"
2023-05-22 13:34:19.915  INFO 69340 --- [main] .s.d.r.c.RepositoryConfigurationDelegate : Multiple Spring Data modules found, entering strict repository configuration mode
2023-05-22 13:34:19.918  INFO 69340 --- [main] .s.d.r.c.RepositoryConfigurationDelegate : Bootstrapping Spring Data Redis repositories in DEFAULT mode.
2023-05-22 13:34:19.949  INFO 69340 --- [main] .s.d.r.c.RepositoryConfigurationDelegate : Finished Spring Data repository scanning in 12 ms. Found 0 Redis repository interfaces.
2023-05-22 13:34:20.267  INFO 69340 --- [main] trationDelegate$BeanPostProcessorChecker : Bean 'org.springframework.ws.config.annotation.DelegatingWsConfiguration' of type [org.springframework.ws.config.annotation.DelegatingWsConfiguration$$EnhancerBySpringCGLIB$$3a2d090c] is not eligible for getting processed by all BeanPostProcessors (for example: not eligible for auto-proxying)
2023-05-22 13:34:20.318  INFO 69340 --- [main] .w.s.a.s.AnnotationActionEndpointMapping : Supporting [WS-Addressing August 2004, WS-Addressing 1.0]
2023-05-22 13:34:21.216  INFO 69340 --- [main] o.s.b.w.embedded.tomcat.TomcatWebServer  : Tomcat initialized with port(s): 18950 (http)
2023-05-22 13:34:21.225  INFO 69340 --- [main] o.apache.catalina.core.StandardService   : Starting service [Tomcat]
2023-05-22 13:34:21.225  INFO 69340 --- [main] org.apache.catalina.core.StandardEngine  : Starting Servlet engine: [Apache Tomcat/9.0.75]
2023-05-22 13:34:21.322  INFO 69340 --- [main] o.a.c.c.C.[Tomcat].[localhost].[/]       : Initializing Spring embedded WebApplicationContext
2023-05-22 13:34:21.322  INFO 69340 --- [main] w.s.c.ServletWebServerApplicationContext : Root WebApplicationContext: initialization completed in 2130 ms
2023-05-22 13:34:22.294  INFO 69340 --- [main] o.s.b.w.embedded.tomcat.TomcatWebServer  : Tomcat started on port(s): 18950 (http) with context path ''
2023-05-22 13:34:22.305  INFO 69340 --- [main] com.save.brbserver.BRBServerApplication  : Started BRBServerApplication in 3.793 seconds (JVM running for 4.295)
2023-05-22 13:34:54.196  INFO 69340 --- [http-nio-18950-exec-1] o.a.c.c.C.[Tomcat].[localhost].[/]       : Initializing Spring DispatcherServlet 'dispatcherServlet'
2023-05-22 13:34:54.198  INFO 69340 --- [http-nio-18950-exec-1] o.s.web.servlet.DispatcherServlet        : Initializing Servlet 'dispatcherServlet'
2023-05-22 13:34:54.199  INFO 69340 --- [http-nio-18950-exec-1] o.s.web.servlet.DispatcherServlet        : Completed initialization in 0 ms
2023-05-22 13:49:31.474  INFO 20028 --- [main] com.save.brbserver.BRBServerApplication  : Starting BRBServerApplication using Java 11.0.12 on LAPTOP-MC8PUNQS with PID 20028 (E:\BRB\brbserver\target\classes started by HP in E:\BRB\brbserver)
2023-05-22 13:49:31.480  INFO 20028 --- [main] com.save.brbserver.BRBServerApplication  : No active profile set, falling back to 1 default profile: "default"
2023-05-22 13:49:32.291  INFO 20028 --- [main] .s.d.r.c.RepositoryConfigurationDelegate : Multiple Spring Data modules found, entering strict repository configuration mode
2023-05-22 13:49:32.293  INFO 20028 --- [main] .s.d.r.c.RepositoryConfigurationDelegate : Bootstrapping Spring Data Redis repositories in DEFAULT mode.
2023-05-22 13:49:32.322  INFO 20028 --- [main] .s.d.r.c.RepositoryConfigurationDelegate : Finished Spring Data repository scanning in 10 ms. Found 0 Redis repository interfaces.
2023-05-22 13:49:32.631  INFO 20028 --- [main] trationDelegate$BeanPostProcessorChecker : Bean 'org.springframework.ws.config.annotation.DelegatingWsConfiguration' of type [org.springframework.ws.config.annotation.DelegatingWsConfiguration$$EnhancerBySpringCGLIB$$347e83f3] is not eligible for getting processed by all BeanPostProcessors (for example: not eligible for auto-proxying)
2023-05-22 13:49:32.688  INFO 20028 --- [main] .w.s.a.s.AnnotationActionEndpointMapping : Supporting [WS-Addressing August 2004, WS-Addressing 1.0]
2023-05-22 13:49:33.484  INFO 20028 --- [main] o.s.b.w.embedded.tomcat.TomcatWebServer  : Tomcat initialized with port(s): 18950 (http)
2023-05-22 13:49:33.499  INFO 20028 --- [main] o.apache.catalina.core.StandardService   : Starting service [Tomcat]
2023-05-22 13:49:33.499  INFO 20028 --- [main] org.apache.catalina.core.StandardEngine  : Starting Servlet engine: [Apache Tomcat/9.0.75]
2023-05-22 13:49:33.639  INFO 20028 --- [main] o.a.c.c.C.[Tomcat].[localhost].[/]       : Initializing Spring embedded WebApplicationContext
2023-05-22 13:49:33.640  INFO 20028 --- [main] w.s.c.ServletWebServerApplicationContext : Root WebApplicationContext: initialization completed in 2093 ms
2023-05-22 13:49:34.875  INFO 20028 --- [main] o.s.b.w.embedded.tomcat.TomcatWebServer  : Tomcat started on port(s): 18950 (http) with context path ''
2023-05-22 13:49:34.888  INFO 20028 --- [main] com.save.brbserver.BRBServerApplication  : Started BRBServerApplication in 3.971 seconds (JVM running for 4.621)
2023-05-22 13:49:43.521  INFO 20028 --- [http-nio-18950-exec-1] o.a.c.c.C.[Tomcat].[localhost].[/]       : Initializing Spring DispatcherServlet 'dispatcherServlet'
2023-05-22 13:49:43.522  INFO 20028 --- [http-nio-18950-exec-1] o.s.web.servlet.DispatcherServlet        : Initializing Servlet 'dispatcherServlet'
2023-05-22 13:49:43.524  INFO 20028 --- [http-nio-18950-exec-1] o.s.web.servlet.DispatcherServlet        : Completed initialization in 2 ms
2023-05-22 13:50:24.373  INFO 94620 --- [main] com.save.brbserver.BRBServerApplication  : Starting BRBServerApplication using Java 11.0.12 on LAPTOP-MC8PUNQS with PID 94620 (E:\BRB\brbserver\target\classes started by HP in E:\BRB\brbserver)
2023-05-22 13:50:24.376  INFO 94620 --- [main] com.save.brbserver.BRBServerApplication  : No active profile set, falling back to 1 default profile: "default"
2023-05-22 13:50:25.184  INFO 94620 --- [main] .s.d.r.c.RepositoryConfigurationDelegate : Multiple Spring Data modules found, entering strict repository configuration mode
2023-05-22 13:50:25.188  INFO 94620 --- [main] .s.d.r.c.RepositoryConfigurationDelegate : Bootstrapping Spring Data Redis repositories in DEFAULT mode.
2023-05-22 13:50:25.223  INFO 94620 --- [main] .s.d.r.c.RepositoryConfigurationDelegate : Finished Spring Data repository scanning in 12 ms. Found 0 Redis repository interfaces.
2023-05-22 13:50:25.532  INFO 94620 --- [main] trationDelegate$BeanPostProcessorChecker : Bean 'org.springframework.ws.config.annotation.DelegatingWsConfiguration' of type [org.springframework.ws.config.annotation.DelegatingWsConfiguration$$EnhancerBySpringCGLIB$$347e83f3] is not eligible for getting processed by all BeanPostProcessors (for example: not eligible for auto-proxying)
2023-05-22 13:50:25.578  INFO 94620 --- [main] .w.s.a.s.AnnotationActionEndpointMapping : Supporting [WS-Addressing August 2004, WS-Addressing 1.0]
2023-05-22 13:50:26.410  INFO 94620 --- [main] o.s.b.w.embedded.tomcat.TomcatWebServer  : Tomcat initialized with port(s): 18950 (http)
2023-05-22 13:50:26.421  INFO 94620 --- [main] o.apache.catalina.core.StandardService   : Starting service [Tomcat]
2023-05-22 13:50:26.421  INFO 94620 --- [main] org.apache.catalina.core.StandardEngine  : Starting Servlet engine: [Apache Tomcat/9.0.75]
2023-05-22 13:50:26.545  INFO 94620 --- [main] o.a.c.c.C.[Tomcat].[localhost].[/]       : Initializing Spring embedded WebApplicationContext
2023-05-22 13:50:26.545  INFO 94620 --- [main] w.s.c.ServletWebServerApplicationContext : Root WebApplicationContext: initialization completed in 2104 ms
2023-05-22 13:50:27.488  INFO 94620 --- [main] o.s.b.w.embedded.tomcat.TomcatWebServer  : Tomcat started on port(s): 18950 (http) with context path ''
2023-05-22 13:50:27.498  INFO 94620 --- [main] com.save.brbserver.BRBServerApplication  : Started BRBServerApplication in 3.631 seconds (JVM running for 4.154)
2023-05-22 13:51:01.251  INFO 94620 --- [http-nio-18950-exec-1] o.a.c.c.C.[Tomcat].[localhost].[/]       : Initializing Spring DispatcherServlet 'dispatcherServlet'
2023-05-22 13:51:01.251  INFO 94620 --- [http-nio-18950-exec-1] o.s.web.servlet.DispatcherServlet        : Initializing Servlet 'dispatcherServlet'
2023-05-22 13:51:01.252  INFO 94620 --- [http-nio-18950-exec-1] o.s.web.servlet.DispatcherServlet        : Completed initialization in 1 ms
2023-05-22 13:51:54.580  WARN 94620 --- [http-nio-18950-exec-5] .w.s.m.s.DefaultHandlerExceptionResolver : Resolved [org.springframework.web.bind.MissingServletRequestParameterException: Required request parameter 'nickname' for method parameter type String is not present]
2023-05-22 13:51:54.583  INFO 94620 --- [http-nio-18950-exec-5] c.s.b.interceptors.JWTInterceptor        : /error
2023-05-22 13:53:18.959  INFO 94620 --- [http-nio-18950-exec-3] com.zaxxer.hikari.HikariDataSource       : HikariPool-1 - Starting...
2023-05-22 13:53:19.428  INFO 94620 --- [http-nio-18950-exec-3] com.zaxxer.hikari.HikariDataSource       : HikariPool-1 - Start completed.
2023-05-22 13:56:07.134  INFO 94620 --- [SpringApplicationShutdownHook] com.zaxxer.hikari.HikariDataSource       : HikariPool-1 - Shutdown initiated...
2023-05-22 13:56:07.144  INFO 94620 --- [SpringApplicationShutdownHook] com.zaxxer.hikari.HikariDataSource       : HikariPool-1 - Shutdown completed.
2023-05-22 13:57:54.584  INFO 84560 --- [main] com.save.brbserver.BRBServerApplication  : Starting BRBServerApplication using Java 11.0.12 on LAPTOP-MC8PUNQS with PID 84560 (E:\BRB\brbserver\target\classes started by HP in E:\BRB\brbserver)
2023-05-22 13:57:54.590  INFO 84560 --- [main] com.save.brbserver.BRBServerApplication  : No active profile set, falling back to 1 default profile: "default"
2023-05-22 13:57:55.290  INFO 84560 --- [main] .s.d.r.c.RepositoryConfigurationDelegate : Multiple Spring Data modules found, entering strict repository configuration mode
2023-05-22 13:57:55.293  INFO 84560 --- [main] .s.d.r.c.RepositoryConfigurationDelegate : Bootstrapping Spring Data Redis repositories in DEFAULT mode.
2023-05-22 13:57:55.319  INFO 84560 --- [main] .s.d.r.c.RepositoryConfigurationDelegate : Finished Spring Data repository scanning in 10 ms. Found 0 Redis repository interfaces.
2023-05-22 13:57:55.618  INFO 84560 --- [main] trationDelegate$BeanPostProcessorChecker : Bean 'org.springframework.ws.config.annotation.DelegatingWsConfiguration' of type [org.springframework.ws.config.annotation.DelegatingWsConfiguration$$EnhancerBySpringCGLIB$$57186c2b] is not eligible for getting processed by all BeanPostProcessors (for example: not eligible for auto-proxying)
2023-05-22 13:57:55.668  INFO 84560 --- [main] .w.s.a.s.AnnotationActionEndpointMapping : Supporting [WS-Addressing August 2004, WS-Addressing 1.0]
2023-05-22 13:57:56.995  INFO 84560 --- [main] o.s.b.w.embedded.tomcat.TomcatWebServer  : Tomcat initialized with port(s): 18950 (http)
2023-05-22 13:57:57.008  INFO 84560 --- [main] o.apache.catalina.core.StandardService   : Starting service [Tomcat]
2023-05-22 13:57:57.008  INFO 84560 --- [main] org.apache.catalina.core.StandardEngine  : Starting Servlet engine: [Apache Tomcat/9.0.75]
2023-05-22 13:57:57.140  INFO 84560 --- [main] o.a.c.c.C.[Tomcat].[localhost].[/]       : Initializing Spring embedded WebApplicationContext
2023-05-22 13:57:57.140  INFO 84560 --- [main] w.s.c.ServletWebServerApplicationContext : Root WebApplicationContext: initialization completed in 2489 ms
2023-05-22 13:57:58.270  INFO 84560 --- [main] o.s.b.w.embedded.tomcat.TomcatWebServer  : Tomcat started on port(s): 18950 (http) with context path ''
2023-05-22 13:57:58.281  INFO 84560 --- [main] com.save.brbserver.BRBServerApplication  : Started BRBServerApplication in 4.104 seconds (JVM running for 4.557)
2023-05-22 13:58:06.036  INFO 84560 --- [http-nio-18950-exec-2] o.a.c.c.C.[Tomcat].[localhost].[/]       : Initializing Spring DispatcherServlet 'dispatcherServlet'
2023-05-22 13:58:06.037  INFO 84560 --- [http-nio-18950-exec-2] o.s.web.servlet.DispatcherServlet        : Initializing Servlet 'dispatcherServlet'
2023-05-22 13:58:06.039  INFO 84560 --- [http-nio-18950-exec-2] o.s.web.servlet.DispatcherServlet        : Completed initialization in 2 ms
2023-05-22 13:59:23.323  INFO 34596 --- [main] com.save.brbserver.BRBServerApplication  : Starting BRBServerApplication using Java 11.0.12 on LAPTOP-MC8PUNQS with PID 34596 (E:\BRB\brbserver\target\classes started by HP in E:\BRB\brbserver)
2023-05-22 13:59:23.329  INFO 34596 --- [main] com.save.brbserver.BRBServerApplication  : No active profile set, falling back to 1 default profile: "default"
2023-05-22 13:59:24.238  INFO 34596 --- [main] .s.d.r.c.RepositoryConfigurationDelegate : Multiple Spring Data modules found, entering strict repository configuration mode
2023-05-22 13:59:24.241  INFO 34596 --- [main] .s.d.r.c.RepositoryConfigurationDelegate : Bootstrapping Spring Data Redis repositories in DEFAULT mode.
2023-05-22 13:59:24.268  INFO 34596 --- [main] .s.d.r.c.RepositoryConfigurationDelegate : Finished Spring Data repository scanning in 10 ms. Found 0 Redis repository interfaces.
2023-05-22 13:59:24.539  INFO 34596 --- [main] trationDelegate$BeanPostProcessorChecker : Bean 'org.springframework.ws.config.annotation.DelegatingWsConfiguration' of type [org.springframework.ws.config.annotation.DelegatingWsConfiguration$$EnhancerBySpringCGLIB$$b0a84756] is not eligible for getting processed by all BeanPostProcessors (for example: not eligible for auto-proxying)
2023-05-22 13:59:24.574  INFO 34596 --- [main] .w.s.a.s.AnnotationActionEndpointMapping : Supporting [WS-Addressing August 2004, WS-Addressing 1.0]
2023-05-22 13:59:25.388  INFO 34596 --- [main] o.s.b.w.embedded.tomcat.TomcatWebServer  : Tomcat initialized with port(s): 18950 (http)
2023-05-22 13:59:25.400  INFO 34596 --- [main] o.apache.catalina.core.StandardService   : Starting service [Tomcat]
2023-05-22 13:59:25.401  INFO 34596 --- [main] org.apache.catalina.core.StandardEngine  : Starting Servlet engine: [Apache Tomcat/9.0.75]
2023-05-22 13:59:25.508  INFO 34596 --- [main] o.a.c.c.C.[Tomcat].[localhost].[/]       : Initializing Spring embedded WebApplicationContext
2023-05-22 13:59:25.508  INFO 34596 --- [main] w.s.c.ServletWebServerApplicationContext : Root WebApplicationContext: initialization completed in 2110 ms
2023-05-22 13:59:26.567  INFO 34596 --- [main] o.s.b.w.embedded.tomcat.TomcatWebServer  : Tomcat started on port(s): 18950 (http) with context path ''
2023-05-22 13:59:26.575  INFO 34596 --- [main] com.save.brbserver.BRBServerApplication  : Started BRBServerApplication in 3.766 seconds (JVM running for 4.5)
2023-05-22 13:59:51.199  INFO 34596 --- [http-nio-18950-exec-1] o.a.c.c.C.[Tomcat].[localhost].[/]       : Initializing Spring DispatcherServlet 'dispatcherServlet'
2023-05-22 13:59:51.200  INFO 34596 --- [http-nio-18950-exec-1] o.s.web.servlet.DispatcherServlet        : Initializing Servlet 'dispatcherServlet'
2023-05-22 13:59:51.202  INFO 34596 --- [http-nio-18950-exec-1] o.s.web.servlet.DispatcherServlet        : Completed initialization in 2 ms
2023-05-22 14:00:50.424  INFO 34596 --- [http-nio-18950-exec-3] com.zaxxer.hikari.HikariDataSource       : HikariPool-1 - Starting...
2023-05-22 14:00:50.802  INFO 34596 --- [http-nio-18950-exec-3] com.zaxxer.hikari.HikariDataSource       : HikariPool-1 - Start completed.
2023-05-22 14:01:25.292  INFO 34596 --- [http-nio-18950-exec-4] c.s.b.interceptors.JWTInterceptor        : /user/init
2023-05-22 14:01:40.811  INFO 34596 --- [http-nio-18950-exec-5] c.s.b.service.impl.UserServiceImpl       : e10adc3949ba59abbe56e057f20f883e
2023-05-22 14:01:57.280  INFO 34596 --- [http-nio-18950-exec-6] c.s.b.interceptors.JWTInterceptor        : /user/init
2023-05-22 14:02:02.727  INFO 34596 --- [http-nio-18950-exec-7] c.s.b.interceptors.JWTInterceptor        : /user/init
2023-05-22 14:02:42.018  INFO 34596 --- [SpringApplicationShutdownHook] com.zaxxer.hikari.HikariDataSource       : HikariPool-1 - Shutdown initiated...
2023-05-22 14:02:42.025  INFO 34596 --- [SpringApplicationShutdownHook] com.zaxxer.hikari.HikariDataSource       : HikariPool-1 - Shutdown completed.
2023-05-22 14:02:46.191  INFO 30904 --- [main] com.save.brbserver.BRBServerApplication  : Starting BRBServerApplication using Java 11.0.12 on LAPTOP-MC8PUNQS with PID 30904 (E:\BRB\brbserver\target\classes started by HP in E:\BRB\brbserver)
2023-05-22 14:02:46.225  INFO 30904 --- [main] com.save.brbserver.BRBServerApplication  : No active profile set, falling back to 1 default profile: "default"
2023-05-22 14:02:47.201  INFO 30904 --- [main] .s.d.r.c.RepositoryConfigurationDelegate : Multiple Spring Data modules found, entering strict repository configuration mode
2023-05-22 14:02:47.205  INFO 30904 --- [main] .s.d.r.c.RepositoryConfigurationDelegate : Bootstrapping Spring Data Redis repositories in DEFAULT mode.
2023-05-22 14:02:47.238  INFO 30904 --- [main] .s.d.r.c.RepositoryConfigurationDelegate : Finished Spring Data repository scanning in 12 ms. Found 0 Redis repository interfaces.
2023-05-22 14:02:47.599  INFO 30904 --- [main] trationDelegate$BeanPostProcessorChecker : Bean 'org.springframework.ws.config.annotation.DelegatingWsConfiguration' of type [org.springframework.ws.config.annotation.DelegatingWsConfiguration$$EnhancerBySpringCGLIB$$b0a84756] is not eligible for getting processed by all BeanPostProcessors (for example: not eligible for auto-proxying)
2023-05-22 14:02:47.650  INFO 30904 --- [main] .w.s.a.s.AnnotationActionEndpointMapping : Supporting [WS-Addressing August 2004, WS-Addressing 1.0]
2023-05-22 14:02:48.671  INFO 30904 --- [main] o.s.b.w.embedded.tomcat.TomcatWebServer  : Tomcat initialized with port(s): 18950 (http)
2023-05-22 14:02:48.683  INFO 30904 --- [main] o.apache.catalina.core.StandardService   : Starting service [Tomcat]
2023-05-22 14:02:48.683  INFO 30904 --- [main] org.apache.catalina.core.StandardEngine  : Starting Servlet engine: [Apache Tomcat/9.0.75]
2023-05-22 14:02:48.800  INFO 30904 --- [main] o.a.c.c.C.[Tomcat].[localhost].[/]       : Initializing Spring embedded WebApplicationContext
2023-05-22 14:02:48.800  INFO 30904 --- [main] w.s.c.ServletWebServerApplicationContext : Root WebApplicationContext: initialization completed in 2476 ms
2023-05-22 14:02:49.897  INFO 30904 --- [main] o.s.b.w.embedded.tomcat.TomcatWebServer  : Tomcat started on port(s): 18950 (http) with context path ''
2023-05-22 14:02:49.908  INFO 30904 --- [main] com.save.brbserver.BRBServerApplication  : Started BRBServerApplication in 4.529 seconds (JVM running for 5.057)
2023-05-22 14:03:15.111  INFO 30904 --- [http-nio-18950-exec-2] o.a.c.c.C.[Tomcat].[localhost].[/]       : Initializing Spring DispatcherServlet 'dispatcherServlet'
2023-05-22 14:03:15.112  INFO 30904 --- [http-nio-18950-exec-2] o.s.web.servlet.DispatcherServlet        : Initializing Servlet 'dispatcherServlet'
2023-05-22 14:03:15.113  INFO 30904 --- [http-nio-18950-exec-2] o.s.web.servlet.DispatcherServlet        : Completed initialization in 1 ms
2023-05-22 14:03:15.139  INFO 30904 --- [http-nio-18950-exec-2] c.s.b.interceptors.JWTInterceptor        : /user/init
2023-05-22 14:03:15.163  INFO 30904 --- [http-nio-18950-exec-2] com.zaxxer.hikari.HikariDataSource       : HikariPool-1 - Starting...
2023-05-22 14:03:15.558  INFO 30904 --- [http-nio-18950-exec-2] com.zaxxer.hikari.HikariDataSource       : HikariPool-1 - Start completed.
2023-05-22 14:04:23.813  INFO 30904 --- [SpringApplicationShutdownHook] com.zaxxer.hikari.HikariDataSource       : HikariPool-1 - Shutdown initiated...
2023-05-22 14:04:23.828  INFO 30904 --- [SpringApplicationShutdownHook] com.zaxxer.hikari.HikariDataSource       : HikariPool-1 - Shutdown completed.
2023-05-22 14:04:28.591  INFO 84464 --- [main] com.save.brbserver.BRBServerApplication  : Starting BRBServerApplication using Java 11.0.12 on LAPTOP-MC8PUNQS with PID 84464 (E:\BRB\brbserver\target\classes started by HP in E:\BRB\brbserver)
2023-05-22 14:04:28.595  INFO 84464 --- [main] com.save.brbserver.BRBServerApplication  : No active profile set, falling back to 1 default profile: "default"
2023-05-22 14:04:29.441  INFO 84464 --- [main] .s.d.r.c.RepositoryConfigurationDelegate : Multiple Spring Data modules found, entering strict repository configuration mode
2023-05-22 14:04:29.444  INFO 84464 --- [main] .s.d.r.c.RepositoryConfigurationDelegate : Bootstrapping Spring Data Redis repositories in DEFAULT mode.
2023-05-22 14:04:29.475  INFO 84464 --- [main] .s.d.r.c.RepositoryConfigurationDelegate : Finished Spring Data repository scanning in 11 ms. Found 0 Redis repository interfaces.
2023-05-22 14:04:29.749  INFO 84464 --- [main] trationDelegate$BeanPostProcessorChecker : Bean 'org.springframework.ws.config.annotation.DelegatingWsConfiguration' of type [org.springframework.ws.config.annotation.DelegatingWsConfiguration$$EnhancerBySpringCGLIB$$57186c2b] is not eligible for getting processed by all BeanPostProcessors (for example: not eligible for auto-proxying)
2023-05-22 14:04:29.794  INFO 84464 --- [main] .w.s.a.s.AnnotationActionEndpointMapping : Supporting [WS-Addressing August 2004, WS-Addressing 1.0]
2023-05-22 14:04:30.537  INFO 84464 --- [main] o.s.b.w.embedded.tomcat.TomcatWebServer  : Tomcat initialized with port(s): 18950 (http)
2023-05-22 14:04:30.550  INFO 84464 --- [main] o.apache.catalina.core.StandardService   : Starting service [Tomcat]
2023-05-22 14:04:30.550  INFO 84464 --- [main] org.apache.catalina.core.StandardEngine  : Starting Servlet engine: [Apache Tomcat/9.0.75]
2023-05-22 14:04:30.688  INFO 84464 --- [main] o.a.c.c.C.[Tomcat].[localhost].[/]       : Initializing Spring embedded WebApplicationContext
2023-05-22 14:04:30.688  INFO 84464 --- [main] w.s.c.ServletWebServerApplicationContext : Root WebApplicationContext: initialization completed in 2028 ms
2023-05-22 14:04:31.702  INFO 84464 --- [main] o.s.b.w.embedded.tomcat.TomcatWebServer  : Tomcat started on port(s): 18950 (http) with context path ''
2023-05-22 14:04:31.714  INFO 84464 --- [main] com.save.brbserver.BRBServerApplication  : Started BRBServerApplication in 3.724 seconds (JVM running for 4.213)
2023-05-22 14:04:39.342  INFO 84464 --- [http-nio-18950-exec-2] o.a.c.c.C.[Tomcat].[localhost].[/]       : Initializing Spring DispatcherServlet 'dispatcherServlet'
2023-05-22 14:04:39.343  INFO 84464 --- [http-nio-18950-exec-2] o.s.web.servlet.DispatcherServlet        : Initializing Servlet 'dispatcherServlet'
2023-05-22 14:04:39.345  INFO 84464 --- [http-nio-18950-exec-2] o.s.web.servlet.DispatcherServlet        : Completed initialization in 2 ms
2023-05-22 14:04:39.380  INFO 84464 --- [http-nio-18950-exec-2] c.s.b.interceptors.JWTInterceptor        : /user/init
2023-05-22 14:04:39.398  INFO 84464 --- [http-nio-18950-exec-2] com.zaxxer.hikari.HikariDataSource       : HikariPool-1 - Starting...
2023-05-22 14:04:39.973  INFO 84464 --- [http-nio-18950-exec-2] com.zaxxer.hikari.HikariDataSource       : HikariPool-1 - Start completed.
2023-05-22 14:04:40.158  INFO 84464 --- [http-nio-18950-exec-2] c.s.b.interceptors.JWTInterceptor        : 2120695496@qq.com
2023-05-22 14:06:31.370  INFO 84464 --- [SpringApplicationShutdownHook] com.zaxxer.hikari.HikariDataSource       : HikariPool-1 - Shutdown initiated...
2023-05-22 14:06:31.382  INFO 84464 --- [SpringApplicationShutdownHook] com.zaxxer.hikari.HikariDataSource       : HikariPool-1 - Shutdown completed.
2023-05-22 14:06:36.235  INFO 93836 --- [main] com.save.brbserver.BRBServerApplication  : Starting BRBServerApplication using Java 11.0.12 on LAPTOP-MC8PUNQS with PID 93836 (E:\BRB\brbserver\target\classes started by HP in E:\BRB\brbserver)
2023-05-22 14:06:36.240  INFO 93836 --- [main] com.save.brbserver.BRBServerApplication  : No active profile set, falling back to 1 default profile: "default"
2023-05-22 14:06:37.128  INFO 93836 --- [main] .s.d.r.c.RepositoryConfigurationDelegate : Multiple Spring Data modules found, entering strict repository configuration mode
2023-05-22 14:06:37.130  INFO 93836 --- [main] .s.d.r.c.RepositoryConfigurationDelegate : Bootstrapping Spring Data Redis repositories in DEFAULT mode.
2023-05-22 14:06:37.161  INFO 93836 --- [main] .s.d.r.c.RepositoryConfigurationDelegate : Finished Spring Data repository scanning in 10 ms. Found 0 Redis repository interfaces.
2023-05-22 14:06:37.457  INFO 93836 --- [main] trationDelegate$BeanPostProcessorChecker : Bean 'org.springframework.ws.config.annotation.DelegatingWsConfiguration' of type [org.springframework.ws.config.annotation.DelegatingWsConfiguration$$EnhancerBySpringCGLIB$$57186c2b] is not eligible for getting processed by all BeanPostProcessors (for example: not eligible for auto-proxying)
2023-05-22 14:06:37.498  INFO 93836 --- [main] .w.s.a.s.AnnotationActionEndpointMapping : Supporting [WS-Addressing August 2004, WS-Addressing 1.0]
2023-05-22 14:06:38.237  INFO 93836 --- [main] o.s.b.w.embedded.tomcat.TomcatWebServer  : Tomcat initialized with port(s): 18950 (http)
2023-05-22 14:06:38.249  INFO 93836 --- [main] o.apache.catalina.core.StandardService   : Starting service [Tomcat]
2023-05-22 14:06:38.250  INFO 93836 --- [main] org.apache.catalina.core.StandardEngine  : Starting Servlet engine: [Apache Tomcat/9.0.75]
2023-05-22 14:06:38.384  INFO 93836 --- [main] o.a.c.c.C.[Tomcat].[localhost].[/]       : Initializing Spring embedded WebApplicationContext
2023-05-22 14:06:38.385  INFO 93836 --- [main] w.s.c.ServletWebServerApplicationContext : Root WebApplicationContext: initialization completed in 2079 ms
2023-05-22 14:06:39.466  INFO 93836 --- [main] o.s.b.w.embedded.tomcat.TomcatWebServer  : Tomcat started on port(s): 18950 (http) with context path ''
2023-05-22 14:06:39.481  INFO 93836 --- [main] com.save.brbserver.BRBServerApplication  : Started BRBServerApplication in 3.843 seconds (JVM running for 4.397)
2023-05-22 14:06:39.896  INFO 93836 --- [http-nio-18950-exec-4] o.a.c.c.C.[Tomcat].[localhost].[/]       : Initializing Spring DispatcherServlet 'dispatcherServlet'
2023-05-22 14:06:39.897  INFO 93836 --- [http-nio-18950-exec-4] o.s.web.servlet.DispatcherServlet        : Initializing Servlet 'dispatcherServlet'
2023-05-22 14:06:39.899  INFO 93836 --- [http-nio-18950-exec-4] o.s.web.servlet.DispatcherServlet        : Completed initialization in 2 ms
2023-05-22 14:06:39.940  INFO 93836 --- [http-nio-18950-exec-4] c.s.b.interceptors.JWTInterceptor        : /user/init
2023-05-22 14:06:39.964  INFO 93836 --- [http-nio-18950-exec-4] com.zaxxer.hikari.HikariDataSource       : HikariPool-1 - Starting...
2023-05-22 14:06:40.435  INFO 93836 --- [http-nio-18950-exec-4] com.zaxxer.hikari.HikariDataSource       : HikariPool-1 - Start completed.
2023-05-22 14:06:40.506  INFO 93836 --- [http-nio-18950-exec-4] c.s.b.interceptors.JWTInterceptor        : true
2023-05-22 14:06:40.576  INFO 93836 --- [http-nio-18950-exec-4] c.s.b.interceptors.JWTInterceptor        : 2120695496@qq.com
2023-05-22 14:11:52.029  INFO 93836 --- [SpringApplicationShutdownHook] com.zaxxer.hikari.HikariDataSource       : HikariPool-1 - Shutdown initiated...
2023-05-22 14:11:52.041  INFO 93836 --- [SpringApplicationShutdownHook] com.zaxxer.hikari.HikariDataSource       : HikariPool-1 - Shutdown completed.
2023-05-22 14:11:56.476  INFO 23212 --- [main] com.save.brbserver.BRBServerApplication  : Starting BRBServerApplication using Java 11.0.12 on LAPTOP-MC8PUNQS with PID 23212 (E:\BRB\brbserver\target\classes started by HP in E:\BRB\brbserver)
2023-05-22 14:11:56.486  INFO 23212 --- [main] com.save.brbserver.BRBServerApplication  : No active profile set, falling back to 1 default profile: "default"
2023-05-22 14:11:57.326  INFO 23212 --- [main] .s.d.r.c.RepositoryConfigurationDelegate : Multiple Spring Data modules found, entering strict repository configuration mode
2023-05-22 14:11:57.329  INFO 23212 --- [main] .s.d.r.c.RepositoryConfigurationDelegate : Bootstrapping Spring Data Redis repositories in DEFAULT mode.
2023-05-22 14:11:57.357  INFO 23212 --- [main] .s.d.r.c.RepositoryConfigurationDelegate : Finished Spring Data repository scanning in 10 ms. Found 0 Redis repository interfaces.
2023-05-22 14:11:57.637  INFO 23212 --- [main] trationDelegate$BeanPostProcessorChecker : Bean 'org.springframework.ws.config.annotation.DelegatingWsConfiguration' of type [org.springframework.ws.config.annotation.DelegatingWsConfiguration$$EnhancerBySpringCGLIB$$347e83f3] is not eligible for getting processed by all BeanPostProcessors (for example: not eligible for auto-proxying)
2023-05-22 14:11:57.679  INFO 23212 --- [main] .w.s.a.s.AnnotationActionEndpointMapping : Supporting [WS-Addressing August 2004, WS-Addressing 1.0]
2023-05-22 14:11:58.455  INFO 23212 --- [main] o.s.b.w.embedded.tomcat.TomcatWebServer  : Tomcat initialized with port(s): 18950 (http)
2023-05-22 14:11:58.464  INFO 23212 --- [main] o.apache.catalina.core.StandardService   : Starting service [Tomcat]
2023-05-22 14:11:58.465  INFO 23212 --- [main] org.apache.catalina.core.StandardEngine  : Starting Servlet engine: [Apache Tomcat/9.0.75]
2023-05-22 14:11:58.579  INFO 23212 --- [main] o.a.c.c.C.[Tomcat].[localhost].[/]       : Initializing Spring embedded WebApplicationContext
2023-05-22 14:11:58.579  INFO 23212 --- [main] w.s.c.ServletWebServerApplicationContext : Root WebApplicationContext: initialization completed in 2016 ms
2023-05-22 14:12:00.073  INFO 23212 --- [main] o.s.b.w.embedded.tomcat.TomcatWebServer  : Tomcat started on port(s): 18950 (http) with context path ''
2023-05-22 14:12:00.086  INFO 23212 --- [main] com.save.brbserver.BRBServerApplication  : Started BRBServerApplication in 4.152 seconds (JVM running for 4.687)
2023-05-22 14:12:11.732  INFO 23212 --- [http-nio-18950-exec-4] o.a.c.c.C.[Tomcat].[localhost].[/]       : Initializing Spring DispatcherServlet 'dispatcherServlet'
2023-05-22 14:12:11.733  INFO 23212 --- [http-nio-18950-exec-4] o.s.web.servlet.DispatcherServlet        : Initializing Servlet 'dispatcherServlet'
2023-05-22 14:12:11.734  INFO 23212 --- [http-nio-18950-exec-4] o.s.web.servlet.DispatcherServlet        : Completed initialization in 1 ms
2023-05-22 14:12:11.770  INFO 23212 --- [http-nio-18950-exec-4] c.s.b.interceptors.JWTInterceptor        : /user/init
2023-05-22 14:12:11.789  INFO 23212 --- [http-nio-18950-exec-4] com.zaxxer.hikari.HikariDataSource       : HikariPool-1 - Starting...
2023-05-22 14:12:12.270  INFO 23212 --- [http-nio-18950-exec-4] com.zaxxer.hikari.HikariDataSource       : HikariPool-1 - Start completed.
2023-05-22 14:12:12.399  INFO 23212 --- [http-nio-18950-exec-4] c.s.b.interceptors.JWTInterceptor        : 2120695496@qq.com
2023-05-22 14:12:12.399  INFO 23212 --- [http-nio-18950-exec-4] c.s.b.interceptors.JWTInterceptor        : test-verifycode
2023-05-22 14:12:12.399  INFO 23212 --- [http-nio-18950-exec-4] c.s.b.interceptors.JWTInterceptor        : 2120695496@qq.com
2023-05-22 14:14:47.536  INFO 23212 --- [SpringApplicationShutdownHook] com.zaxxer.hikari.HikariDataSource       : HikariPool-1 - Shutdown initiated...
2023-05-22 14:14:47.547  INFO 23212 --- [SpringApplicationShutdownHook] com.zaxxer.hikari.HikariDataSource       : HikariPool-1 - Shutdown completed.
2023-05-22 14:14:52.649  INFO 74472 --- [main] com.save.brbserver.BRBServerApplication  : Starting BRBServerApplication using Java 11.0.12 on LAPTOP-MC8PUNQS with PID 74472 (E:\BRB\brbserver\target\classes started by HP in E:\BRB\brbserver)
2023-05-22 14:14:52.658  INFO 74472 --- [main] com.save.brbserver.BRBServerApplication  : No active profile set, falling back to 1 default profile: "default"
2023-05-22 14:14:53.568  INFO 74472 --- [main] .s.d.r.c.RepositoryConfigurationDelegate : Multiple Spring Data modules found, entering strict repository configuration mode
2023-05-22 14:14:53.571  INFO 74472 --- [main] .s.d.r.c.RepositoryConfigurationDelegate : Bootstrapping Spring Data Redis repositories in DEFAULT mode.
2023-05-22 14:14:53.607  INFO 74472 --- [main] .s.d.r.c.RepositoryConfigurationDelegate : Finished Spring Data repository scanning in 14 ms. Found 0 Redis repository interfaces.
2023-05-22 14:14:54.011  INFO 74472 --- [main] trationDelegate$BeanPostProcessorChecker : Bean 'org.springframework.ws.config.annotation.DelegatingWsConfiguration' of type [org.springframework.ws.config.annotation.DelegatingWsConfiguration$$EnhancerBySpringCGLIB$$b0a84756] is not eligible for getting processed by all BeanPostProcessors (for example: not eligible for auto-proxying)
2023-05-22 14:14:54.066  INFO 74472 --- [main] .w.s.a.s.AnnotationActionEndpointMapping : Supporting [WS-Addressing August 2004, WS-Addressing 1.0]
2023-05-22 14:14:55.531  INFO 74472 --- [main] o.s.b.w.embedded.tomcat.TomcatWebServer  : Tomcat initialized with port(s): 18950 (http)
2023-05-22 14:14:55.543  INFO 74472 --- [main] o.apache.catalina.core.StandardService   : Starting service [Tomcat]
2023-05-22 14:14:55.544  INFO 74472 --- [main] org.apache.catalina.core.StandardEngine  : Starting Servlet engine: [Apache Tomcat/9.0.75]
2023-05-22 14:14:55.666  INFO 74472 --- [main] o.a.c.c.C.[Tomcat].[localhost].[/]       : Initializing Spring embedded WebApplicationContext
2023-05-22 14:14:55.666  INFO 74472 --- [main] w.s.c.ServletWebServerApplicationContext : Root WebApplicationContext: initialization completed in 2948 ms
2023-05-22 14:14:57.050  INFO 74472 --- [main] o.s.b.w.embedded.tomcat.TomcatWebServer  : Tomcat started on port(s): 18950 (http) with context path ''
2023-05-22 14:14:57.063  INFO 74472 --- [main] com.save.brbserver.BRBServerApplication  : Started BRBServerApplication in 5.157 seconds (JVM running for 5.838)
2023-05-22 14:14:59.786  INFO 74472 --- [http-nio-18950-exec-2] o.a.c.c.C.[Tomcat].[localhost].[/]       : Initializing Spring DispatcherServlet 'dispatcherServlet'
2023-05-22 14:14:59.787  INFO 74472 --- [http-nio-18950-exec-2] o.s.web.servlet.DispatcherServlet        : Initializing Servlet 'dispatcherServlet'
2023-05-22 14:14:59.790  INFO 74472 --- [http-nio-18950-exec-2] o.s.web.servlet.DispatcherServlet        : Completed initialization in 3 ms
2023-05-22 14:14:59.841  INFO 74472 --- [http-nio-18950-exec-2] c.s.b.interceptors.JWTInterceptor        : /user/init
2023-05-22 14:14:59.867  INFO 74472 --- [http-nio-18950-exec-2] com.zaxxer.hikari.HikariDataSource       : HikariPool-1 - Starting...
2023-05-22 14:15:00.398  INFO 74472 --- [http-nio-18950-exec-2] com.zaxxer.hikari.HikariDataSource       : HikariPool-1 - Start completed.
2023-05-22 14:15:00.634  INFO 74472 --- [http-nio-18950-exec-2] c.s.b.interceptors.JWTInterceptor        : 2120695496@qq.com
2023-05-22 14:15:00.634  INFO 74472 --- [http-nio-18950-exec-2] c.s.b.interceptors.JWTInterceptor        : test-verifycode
2023-05-22 14:15:00.634  INFO 74472 --- [http-nio-18950-exec-2] c.s.b.interceptors.JWTInterceptor        : 2120695496@qq.com
2023-05-22 14:15:26.365  INFO 74472 --- [http-nio-18950-exec-3] c.s.b.interceptors.JWTInterceptor        : /user/init
2023-05-22 14:15:26.429  INFO 74472 --- [http-nio-18950-exec-3] c.s.b.interceptors.JWTInterceptor        : 2120695496@qq.com
2023-05-22 14:15:26.430  INFO 74472 --- [http-nio-18950-exec-3] c.s.b.interceptors.JWTInterceptor        : test-verifycode
2023-05-22 14:15:26.430  INFO 74472 --- [http-nio-18950-exec-3] c.s.b.interceptors.JWTInterceptor        : test-verifycode
2023-05-22 14:20:54.280  INFO 74472 --- [SpringApplicationShutdownHook] com.zaxxer.hikari.HikariDataSource       : HikariPool-1 - Shutdown initiated...
2023-05-22 14:20:54.292  INFO 74472 --- [SpringApplicationShutdownHook] com.zaxxer.hikari.HikariDataSource       : HikariPool-1 - Shutdown completed.
